D:\USERS\JI.LI\DESKTOP\CPROJECT\SORTALGORITHM\SORTALGORITHM\SORTALGORITHM\DEBUG\SORTALGORITHM.PCH
D:\USERS\JI.LI\DESKTOP\CPROJECT\SORTALGORITHM\SORTALGORITHM\SORTALGORITHM\DEBUG\STDAFX.OBJ
D:\USERS\JI.LI\DESKTOP\CPROJECT\SORTALGORITHM\SORTALGORITHM\SORTALGORITHM\DEBUG\VC110.PDB
D:\USERS\JI.LI\DESKTOP\CPROJECT\SORTALGORITHM\SORTALGORITHM\SORTALGORITHM\DEBUG\INSERTIONSORT.OBJ
D:\USERS\JI.LI\DESKTOP\CPROJECT\SORTALGORITHM\SORTALGORITHM\SORTALGORITHM\DEBUG\SORTALGORITHM.OBJ
D:\USERS\JI.LI\DESKTOP\CPROJECT\SORTALGORITHM\SORTALGORITHM\SORTALGORITHM\DEBUG\SORTOPERATION.OBJ
D:\USERS\JI.LI\DESKTOP\CPROJECT\SORTALGORITHM\SORTALGORITHM\DEBUG\SORTALGORITHM.ILK
D:\USERS\JI.LI\DESKTOP\CPROJECT\SORTALGORITHM\SORTALGORITHM\DEBUG\SORTALGORITHM.EXE
D:\USERS\JI.LI\DESKTOP\CPROJECT\SORTALGORITHM\SORTALGORITHM\DEBUG\SORTALGORITHM.PDB
d:\Users\ji.li\Desktop\CProject\SortAlgorithm\SortAlgorithm\SortAlgorithm\Debug\InsertionSort.obj
d:\Users\ji.li\Desktop\CProject\SortAlgorithm\SortAlgorithm\SortAlgorithm\Debug\SortAlgorithm.obj
d:\Users\ji.li\Desktop\CProject\SortAlgorithm\SortAlgorithm\SortAlgorithm\Debug\SortOperation.obj
d:\Users\ji.li\Desktop\CProject\SortAlgorithm\SortAlgorithm\SortAlgorithm\Debug\stdafx.obj
d:\Users\ji.li\Desktop\CProject\SortAlgorithm\SortAlgorithm\SortAlgorithm\Debug\cl.command.1.tlog
d:\Users\ji.li\Desktop\CProject\SortAlgorithm\SortAlgorithm\SortAlgorithm\Debug\CL.read.1.tlog
d:\Users\ji.li\Desktop\CProject\SortAlgorithm\SortAlgorithm\SortAlgorithm\Debug\CL.write.1.tlog
d:\Users\ji.li\Desktop\CProject\SortAlgorithm\SortAlgorithm\SortAlgorithm\Debug\link-cvtres.read.1.tlog
d:\Users\ji.li\Desktop\CProject\SortAlgorithm\SortAlgorithm\SortAlgorithm\Debug\link-cvtres.write.1.tlog
d:\Users\ji.li\Desktop\CProject\SortAlgorithm\SortAlgorithm\SortAlgorithm\Debug\link-rc.read.1.tlog
d:\Users\ji.li\Desktop\CProject\SortAlgorithm\SortAlgorithm\SortAlgorithm\Debug\link-rc.write.1.tlog
d:\Users\ji.li\Desktop\CProject\SortAlgorithm\SortAlgorithm\SortAlgorithm\Debug\link.command.1.tlog
d:\Users\ji.li\Desktop\CProject\SortAlgorithm\SortAlgorithm\SortAlgorithm\Debug\link.read.1.tlog
d:\Users\ji.li\Desktop\CProject\SortAlgorithm\SortAlgorithm\SortAlgorithm\Debug\link.read.2.tlog
d:\Users\ji.li\Desktop\CProject\SortAlgorithm\SortAlgorithm\SortAlgorithm\Debug\link.read.3.tlog
d:\Users\ji.li\Desktop\CProject\SortAlgorithm\SortAlgorithm\SortAlgorithm\Debug\link.read.4.tlog
d:\Users\ji.li\Desktop\CProject\SortAlgorithm\SortAlgorithm\SortAlgorithm\Debug\link.write.1.tlog
d:\Users\ji.li\Desktop\CProject\SortAlgorithm\SortAlgorithm\SortAlgorithm\Debug\SortAlgorithm.pch
d:\Users\ji.li\Desktop\CProject\SortAlgorithm\SortAlgorithm\SortAlgorithm\Debug\vc110.idb
d:\Users\ji.li\Desktop\CProject\SortAlgorithm\SortAlgorithm\SortAlgorithm\Debug\vc110.pdb
d:\Users\ji.li\Desktop\CProject\SortAlgorithm\SortAlgorithm\Debug\SortAlgorithm.pdb
d:\Users\ji.li\Desktop\CProject\SortAlgorithm\SortAlgorithm\Debug\SortAlgorithm.exe
d:\Users\ji.li\Desktop\CProject\SortAlgorithm\SortAlgorithm\Debug\SortAlgorithm.ilk
